<?xml version="1.0" encoding="UTF-8"?>
<testsuite xmlns:xsi="http://www.w3.org/2001/XMLSchema-instance" xsi:noNamespaceSchemaLocation="https://maven.apache.org/surefire/maven-surefire-plugin/xsd/surefire-test-report-3.0.xsd" version="3.0" name="org.middleware.pnr.aggregator.service.TripInfoServiceTest" time="0.188" tests="10" errors="0" skipped="0" failures="0">
  <properties>
[...]
</properties>
  <testcase name="testGetTripInfo_WhenBookingHasNullPnr_ShouldThrowBookingNotFoundException" classname="org.middleware.pnr.aggregator.service.TripInfoServiceTest" time="0.106">
    <system-out><![CDATA[00:33:13.776 [main] INFO org.middleware.pnr.aggregator.service.TripInfoService -- TripInfoService: Fetching tripInfo for pnr: TEST123
00:33:13.776 [main] INFO org.middleware.pnr.aggregator.service.TripInfoService -- [EVENT BUS] -> [PUBLISHING] -> [EVENT] PNR.FETCH event publishing for pnr : TEST123
00:33:13.778 [main] INFO org.middleware.pnr.aggregator.service.TripInfoService -- [EVENT BUS] -> [PUBLISHED] -> [EVENT] PNR.FETCH event published for pnr: TEST123
00:33:13.780 [main] INFO org.middleware.pnr.aggregator.service.TripInfoService -- TripInfoService: received booking and baggage information.
00:33:13.780 [main] WARN org.middleware.pnr.aggregator.service.TripInfoService -- TripInfoService: Booking info for pnr: TEST123 is not present, creating empty trip.
]]></system-out>
  </testcase>
  <testcase name="testGetTripInfoByCustomerId_WhenBookingNotFound_ShouldThrowBookingNotFoundException" classname="org.middleware.pnr.aggregator.service.TripInfoServiceTest" time="0.004">
    <system-out><![CDATA[00:33:13.784 [main] INFO org.middleware.pnr.aggregator.service.TripInfoService -- TripInfoService: Fetching tripInfo for customerId: CUST999
00:33:13.784 [main] INFO org.middleware.pnr.aggregator.service.TripInfoService -- [EVENT BUS] -> [PUBLISHING] -> [EVENT] PNR.FETCH event publishing for customerId : CUST999
00:33:13.785 [main] INFO org.middleware.pnr.aggregator.service.TripInfoService -- [EVENT BUS] -> [PUBLISHED] -> [EVENT] PNR.FETCH event published for customerId: CUST999
]]></system-out>
  </testcase>
  <testcase name="testGetTripInfo_WithInvalidPnrFormats_ShouldHandleGracefully(String)[1]" classname="org.middleware.pnr.aggregator.service.TripInfoServiceTest" time="0.021"/>
  <testcase name="testGetTripInfo_WithInvalidPnrFormats_ShouldHandleGracefully(String)[2]" classname="org.middleware.pnr.aggregator.service.TripInfoServiceTest" time="0.003"/>
  <testcase name="testGetTripInfo_WithInvalidPnrFormats_ShouldHandleGracefully(String)[3]" classname="org.middleware.pnr.aggregator.service.TripInfoServiceTest" time="0.002"/>
  <testcase name="testGetTripInfo_WithInvalidPnrFormats_ShouldHandleGracefully(String)[4]" classname="org.middleware.pnr.aggregator.service.TripInfoServiceTest" time="0.002"/>
  <testcase name="testGetTripInfo_WhenBaggageServiceFails_ShouldContinueWithEmptyBaggage" classname="org.middleware.pnr.aggregator.service.TripInfoServiceTest" time="0.005">
    <system-out><![CDATA[00:33:13.839 [main] INFO org.middleware.pnr.aggregator.service.TripInfoService -- TripInfoService: Fetching tripInfo for pnr: VALID123
00:33:13.839 [main] INFO org.middleware.pnr.aggregator.service.TripInfoService -- [EVENT BUS] -> [PUBLISHING] -> [EVENT] PNR.FETCH event publishing for pnr : VALID123
00:33:13.839 [main] INFO org.middleware.pnr.aggregator.service.TripInfoService -- [EVENT BUS] -> [PUBLISHED] -> [EVENT] PNR.FETCH event published for pnr: VALID123
00:33:13.840 [main] INFO org.middleware.pnr.aggregator.service.TripInfoService -- TripInfoService: received booking and baggage information.
00:33:13.840 [main] INFO org.middleware.pnr.aggregator.service.TripInfoService -- TripInfoService: Enriching trip info with eTickets for pnr: VALID123
00:33:13.840 [main] INFO org.middleware.pnr.aggregator.service.TripInfoService -- TripInfoService: enriching passenger/TripInfo with eTickets for pnr: VALID123
00:33:13.840 [main] INFO org.middleware.pnr.aggregator.service.TripInfoService -- TripInfoService: enriched passenger/TripInfo with eTickets for pnr: VALID123
]]></system-out>
  </testcase>
  <testcase name="testGetTripInfo_WhenBookingFound_ShouldReturnTripResponse" classname="org.middleware.pnr.aggregator.service.TripInfoServiceTest" time="0.005">
    <system-out><![CDATA[00:33:13.845 [main] INFO org.middleware.pnr.aggregator.service.TripInfoService -- TripInfoService: Fetching tripInfo for pnr: VALID123
00:33:13.845 [main] INFO org.middleware.pnr.aggregator.service.TripInfoService -- [EVENT BUS] -> [PUBLISHING] -> [EVENT] PNR.FETCH event publishing for pnr : VALID123
00:33:13.845 [main] INFO org.middleware.pnr.aggregator.service.TripInfoService -- [EVENT BUS] -> [PUBLISHED] -> [EVENT] PNR.FETCH event published for pnr: VALID123
00:33:13.845 [main] INFO org.middleware.pnr.aggregator.service.TripInfoService -- TripInfoService: received booking and baggage information.
00:33:13.845 [main] INFO org.middleware.pnr.aggregator.service.TripInfoService -- TripInfoService: Enriching trip info with eTickets for pnr: VALID123
00:33:13.845 [main] INFO org.middleware.pnr.aggregator.service.TripInfoService -- TripInfoService: enriching passenger/TripInfo with eTickets for pnr: VALID123
00:33:13.845 [main] INFO org.middleware.pnr.aggregator.service.TripInfoService -- TripInfoService: enriched passenger/TripInfo with eTickets for pnr: VALID123
]]></system-out>
  </testcase>
  <testcase name="testGetTripInfo_WhenBookingHasEmptyPassengers_ShouldThrowBookingNotFoundException" classname="org.middleware.pnr.aggregator.service.TripInfoServiceTest" time="0.005">
    <system-out><![CDATA[00:33:13.850 [main] INFO org.middleware.pnr.aggregator.service.TripInfoService -- TripInfoService: Fetching tripInfo for pnr: TEST123
00:33:13.850 [main] INFO org.middleware.pnr.aggregator.service.TripInfoService -- [EVENT BUS] -> [PUBLISHING] -> [EVENT] PNR.FETCH event publishing for pnr : TEST123
00:33:13.850 [main] INFO org.middleware.pnr.aggregator.service.TripInfoService -- [EVENT BUS] -> [PUBLISHED] -> [EVENT] PNR.FETCH event published for pnr: TEST123
00:33:13.850 [main] INFO org.middleware.pnr.aggregator.service.TripInfoService -- TripInfoService: received booking and baggage information.
00:33:13.850 [main] INFO org.middleware.pnr.aggregator.service.TripInfoService -- TripInfoService: Enriching trip info with eTickets for pnr: TEST123
00:33:13.850 [main] INFO org.middleware.pnr.aggregator.service.TripInfoService -- TripInfoService: enriching passenger/TripInfo with eTickets for pnr: TEST123
00:33:13.851 [main] INFO org.middleware.pnr.aggregator.service.TripInfoService -- TripInfoService: enriched passenger/TripInfo with eTickets for pnr: TEST123
]]></system-out>
  </testcase>
  <testcase name="testGetTripInfo_WhenBookingNotFound_ShouldThrowBookingNotFoundException" classname="org.middleware.pnr.aggregator.service.TripInfoServiceTest" time="0.007">
    <system-out><![CDATA[00:33:13.857 [main] INFO org.middleware.pnr.aggregator.service.TripInfoService -- TripInfoService: Fetching tripInfo for pnr: NONEXISTENT
00:33:13.857 [main] INFO org.middleware.pnr.aggregator.service.TripInfoService -- [EVENT BUS] -> [PUBLISHING] -> [EVENT] PNR.FETCH event publishing for pnr : NONEXISTENT
00:33:13.858 [main] INFO org.middleware.pnr.aggregator.service.TripInfoService -- [EVENT BUS] -> [PUBLISHED] -> [EVENT] PNR.FETCH event published for pnr: NONEXISTENT
]]></system-out>
  </testcase>
</testsuite>